<?xml version="1.0" encoding="UTF-8"?>
<!-- Generated by org.testng.reporters.JUnitXMLReporter -->
<testsuite hostname="hitesh-PC" name="Test" tests="1" failures="1" timestamp="4 Mar 2018 18:08:51 GMT" time="7.209" errors="0">
  <testcase name="feature" time="6.415" classname="helpers.RunTest">
    <failure type="cucumber.runtime.CucumberException" message="java.lang.NullPointerException">
      <![CDATA[cucumber.runtime.CucumberException: java.lang.NullPointerException
	at cucumber.api.testng.TestNGCucumberRunner.runCucumber(TestNGCucumberRunner.java:69)
	at cucumber.api.testng.AbstractTestNGCucumberTests.feature(AbstractTestNGCucumberTests.java:21)
Caused by: java.lang.NullPointerException
	at stepDefinitions.Verify_Women_TShirt_Checkout_Process.i_open_a_browser_and_open_policy_baazzar_site(Verify_Women_TShirt_Checkout_Process.java:27)
	at âœ½.When Open a browser and open Adidas online store site(Adidasfeatures/Men Basketball Search Result Count Verification.feature:31)
... Removed 24 stack frames]]>
    </failure>
  </testcase> <!-- feature -->
</testsuite> <!-- Test -->
